Using pre-set license
Built from '2020.3/release' branch; Version is '2020.3.2f1 (8fd9074bf66c) revision 9427207'; Using compiler version '192528614'; Build Type 'Release'
OS: 'Windows 10 Home; OS build 19041.867; Version 2004; 64bit' Language: 'en' Physical Memory: 12150 MB
BatchMode: 1, IsHumanControllingUs: 0, StartBugReporterOnCrash: 0, Is64bit: 1, IsPro: 0

 COMMAND LINE ARGUMENTS:
C:\Program Files\Unity\Hub\Editor\2020.3.2f1\Editor\Unity.exe
-adb2
-batchMode
-noUpm
-name
AssetImportWorker0
-projectPath
C:/Users/sande/OneDrive/Documenten/GitHub/24HGameJamApr2021/24HGameJamApr2021
-logFile
Logs/AssetImportWorker0.log
-srvPort
52402
Successfully changed project path to: C:/Users/sande/OneDrive/Documenten/GitHub/24HGameJamApr2021/24HGameJamApr2021
C:/Users/sande/OneDrive/Documenten/GitHub/24HGameJamApr2021/24HGameJamApr2021
Using Asset Import Pipeline V2.
Refreshing native plugins compatible for Editor in 195.62 ms, found 0 plugins.
Preloading 0 native plugins for Editor in 0.00 ms.
Initialize engine version: 2020.3.2f1 (8fd9074bf66c)
[Subsystems] Discovering subsystems at path C:/Program Files/Unity/Hub/Editor/2020.3.2f1/Editor/Data/Resources/UnitySubsystems
[Subsystems] Discovering subsystems at path C:/Users/sande/OneDrive/Documenten/GitHub/24HGameJamApr2021/24HGameJamApr2021/Assets
GfxDevice: creating device client; threaded=0
Direct3D:
    Version:  Direct3D 11.0 [level 11.1]
    Renderer: NVIDIA GeForce GTX 1050 (ID=0x1c81)
    Vendor:   
    VRAM:     1977 MB
    Driver:   27.21.14.6172
Initialize mono
Mono path[0] = 'C:/Program Files/Unity/Hub/Editor/2020.3.2f1/Editor/Data/Managed'
Mono path[1] = 'C:/Program Files/Unity/Hub/Editor/2020.3.2f1/Editor/Data/MonoBleedingEdge/lib/mono/unityjit'
Mono config path = 'C:/Program Files/Unity/Hub/Editor/2020.3.2f1/Editor/Data/MonoBleedingEdge/etc'
Using monoOptions --debugger-agent=transport=dt_socket,embedding=1,server=y,suspend=n,address=127.0.0.1:56896
Begin MonoManager ReloadAssembly
Registering precompiled unity dll's ...
Register platform support module: C:/Program Files/Unity/Hub/Editor/2020.3.2f1/Editor/Data/PlaybackEngines/WebGLSupport/UnityEditor.WebGL.Extensions.dll
Register platform support module: C:/Program Files/Unity/Hub/Editor/2020.3.2f1/Editor/Data/PlaybackEngines/WindowsStandaloneSupport/UnityEditor.WindowsStandalone.Extensions.dll
Registered in 0.008256 seconds.
Native extension for WindowsStandalone target not found
Native extension for WebGL target not found
Refreshing native plugins compatible for Editor in 130.91 ms, found 0 plugins.
Preloading 0 native plugins for Editor in 0.00 ms.
Invoked RoslynAnalysisRunner static constructor.
RoslynAnalysisRunner will not be running.
RoslynAnalysisRunner has terminated.
Mono: successfully reloaded assembly
- Completed reload, in  5.750 seconds
Platform modules already initialized, skipping
Registering precompiled user dll's ...
Registered in 0.002011 seconds.
Begin MonoManager ReloadAssembly
Native extension for WindowsStandalone target not found
Native extension for WebGL target not found
Refreshing native plugins compatible for Editor in 0.64 ms, found 0 plugins.
Preloading 0 native plugins for Editor in 0.00 ms.
Invoked RoslynAnalysisRunner static constructor.
RoslynAnalysisRunner will not be running.
RoslynAnalysisRunner has terminated.
Mono: successfully reloaded assembly
- Completed reload, in  4.740 seconds
Platform modules already initialized, skipping
========================================================================
Worker process is ready to serve import requests
Launched and connected shader compiler UnityShaderCompiler.exe after 10.13 seconds
Refreshing native plugins compatible for Editor in 0.62 ms, found 0 plugins.
Preloading 0 native plugins for Editor in 0.00 ms.
Unloading 1287 Unused Serialized files (Serialized files now loaded: 0)
System memory in use before: 68.9 MB.
System memory in use after: 67.0 MB.

Unloading 36 unused Assets to reduce memory usage. Loaded Objects now: 1706.
Total: 6.970900 ms (FindLiveObjects: 0.434500 ms CreateObjectMapping: 0.088300 ms MarkObjects: 4.611700 ms  DeleteObjects: 1.832700 ms)

========================================================================
Received Import Request.
  path: Assets/Scenes/Sanders PLayground.unity
  artifactKey: Guid(82774988c5f65cb4d9fcd0631b9074af) Importer(815301076,1909f56bfc062723c751e8b465ee728b)
Start importing Assets/Scenes/Sanders PLayground.unity using Guid(82774988c5f65cb4d9fcd0631b9074af) Importer(815301076,1909f56bfc062723c751e8b465ee728b)  -> (artifact id: 'e49944ba7326347e5d5176490825d478') in 0.428625 seconds
  Import took 0.442173 seconds .

========================================================================
Received Import Request.
  Time since last request: 0.116779 seconds.
  path: Assets/Materials/Slippery.physicMaterial
  artifactKey: Guid(eb5975250d2f50a449342dd13f82e2f3) Importer(815301076,1909f56bfc062723c751e8b465ee728b)
Start importing Assets/Materials/Slippery.physicMaterial using Guid(eb5975250d2f50a449342dd13f82e2f3) Importer(815301076,1909f56bfc062723c751e8b465ee728b)  -> (artifact id: 'c0259b8ef0548ee674d2f985104f4e4a') in 0.271978 seconds
  Import took 0.282600 seconds .

========================================================================
Received Import Request.
  Time since last request: 0.097824 seconds.
  path: Assets/Materials/WhiteMaterial.mat
  artifactKey: Guid(0e9db957c3cf95243b9814b622f8d40c) Importer(815301076,1909f56bfc062723c751e8b465ee728b)
Start importing Assets/Materials/WhiteMaterial.mat using Guid(0e9db957c3cf95243b9814b622f8d40c) Importer(815301076,1909f56bfc062723c751e8b465ee728b)  -> (artifact id: '73cbeee449fc12252f8761bfbc711a11') in 1.066973 seconds
  Import took 1.081033 seconds .

========================================================================
Received Prepare
Registering precompiled user dll's ...
Registered in 0.002105 seconds.
Begin MonoManager ReloadAssembly
Native extension for WindowsStandalone target not found
Native extension for WebGL target not found
Refreshing native plugins compatible for Editor in 0.51 ms, found 0 plugins.
Preloading 0 native plugins for Editor in 0.00 ms.
Invoked RoslynAnalysisRunner static constructor.
RoslynAnalysisRunner will not be running.
RoslynAnalysisRunner has terminated.
Mono: successfully reloaded assembly
- Completed reload, in  2.675 seconds
Platform modules already initialized, skipping
Refreshing native plugins compatible for Editor in 0.65 ms, found 0 plugins.
Preloading 0 native plugins for Editor in 0.00 ms.
Unloading 1268 Unused Serialized files (Serialized files now loaded: 0)
System memory in use before: 70.8 MB.
System memory in use after: 68.9 MB.

Unloading 31 unused Assets to reduce memory usage. Loaded Objects now: 1749.
Total: 4.383900 ms (FindLiveObjects: 0.434500 ms CreateObjectMapping: 0.073500 ms MarkObjects: 2.337300 ms  DeleteObjects: 1.535600 ms)

========================================================================
Received Prepare
Registering precompiled user dll's ...
Registered in 0.001924 seconds.
Begin MonoManager ReloadAssembly
Native extension for WindowsStandalone target not found
Native extension for WebGL target not found
Refreshing native plugins compatible for Editor in 0.61 ms, found 0 plugins.
Preloading 0 native plugins for Editor in 0.00 ms.
Invoked RoslynAnalysisRunner static constructor.
RoslynAnalysisRunner will not be running.
RoslynAnalysisRunner has terminated.
Mono: successfully reloaded assembly
- Completed reload, in  1.764 seconds
Platform modules already initialized, skipping
Refreshing native plugins compatible for Editor in 0.61 ms, found 0 plugins.
Preloading 0 native plugins for Editor in 0.00 ms.
Unloading 1268 Unused Serialized files (Serialized files now loaded: 0)
System memory in use before: 70.9 MB.
System memory in use after: 68.9 MB.

Unloading 31 unused Assets to reduce memory usage. Loaded Objects now: 1752.
Total: 4.361500 ms (FindLiveObjects: 0.448800 ms CreateObjectMapping: 0.089500 ms MarkObjects: 2.777100 ms  DeleteObjects: 1.043100 ms)

========================================================================
Received Prepare
Registering precompiled user dll's ...
Registered in 0.001593 seconds.
Begin MonoManager ReloadAssembly
Native extension for WindowsStandalone target not found
Native extension for WebGL target not found
Refreshing native plugins compatible for Editor in 0.63 ms, found 0 plugins.
Preloading 0 native plugins for Editor in 0.00 ms.
Invoked RoslynAnalysisRunner static constructor.
RoslynAnalysisRunner will not be running.
RoslynAnalysisRunner has terminated.
Mono: successfully reloaded assembly
- Completed reload, in  1.717 seconds
Platform modules already initialized, skipping
Refreshing native plugins compatible for Editor in 0.61 ms, found 0 plugins.
Preloading 0 native plugins for Editor in 0.00 ms.
Unloading 1268 Unused Serialized files (Serialized files now loaded: 0)
System memory in use before: 70.9 MB.
System memory in use after: 69.0 MB.

Unloading 31 unused Assets to reduce memory usage. Loaded Objects now: 1755.
Total: 3.901900 ms (FindLiveObjects: 0.324400 ms CreateObjectMapping: 0.070100 ms MarkObjects: 2.213900 ms  DeleteObjects: 1.290900 ms)

========================================================================
Received Prepare
Registering precompiled user dll's ...
Registered in 0.001976 seconds.
Begin MonoManager ReloadAssembly
Native extension for WindowsStandalone target not found
Native extension for WebGL target not found
Refreshing native plugins compatible for Editor in 0.51 ms, found 0 plugins.
Preloading 0 native plugins for Editor in 0.00 ms.
Invoked RoslynAnalysisRunner static constructor.
RoslynAnalysisRunner will not be running.
RoslynAnalysisRunner has terminated.
Mono: successfully reloaded assembly
- Completed reload, in  2.016 seconds
Platform modules already initialized, skipping
Refreshing native plugins compatible for Editor in 0.50 ms, found 0 plugins.
Preloading 0 native plugins for Editor in 0.00 ms.
Unloading 1268 Unused Serialized files (Serialized files now loaded: 0)
System memory in use before: 70.9 MB.
System memory in use after: 69.0 MB.

Unloading 31 unused Assets to reduce memory usage. Loaded Objects now: 1758.
Total: 6.200500 ms (FindLiveObjects: 0.493700 ms CreateObjectMapping: 0.095100 ms MarkObjects: 3.834100 ms  DeleteObjects: 1.773900 ms)

========================================================================
Received Prepare
Registering precompiled user dll's ...
Registered in 0.006275 seconds.
Begin MonoManager ReloadAssembly
Native extension for WindowsStandalone target not found
Native extension for WebGL target not found
Refreshing native plugins compatible for Editor in 0.50 ms, found 0 plugins.
Preloading 0 native plugins for Editor in 0.00 ms.
Invoked RoslynAnalysisRunner static constructor.
RoslynAnalysisRunner will not be running.
RoslynAnalysisRunner has terminated.
Mono: successfully reloaded assembly
- Completed reload, in  1.842 seconds
Platform modules already initialized, skipping
Refreshing native plugins compatible for Editor in 0.52 ms, found 0 plugins.
Preloading 0 native plugins for Editor in 0.00 ms.
Unloading 1268 Unused Serialized files (Serialized files now loaded: 0)
System memory in use before: 70.9 MB.
System memory in use after: 69.0 MB.

Unloading 31 unused Assets to reduce memory usage. Loaded Objects now: 1761.
Total: 5.398000 ms (FindLiveObjects: 0.445100 ms CreateObjectMapping: 0.084600 ms MarkObjects: 3.000900 ms  DeleteObjects: 1.864100 ms)

========================================================================
Received Import Request.
  Time since last request: 662.038715 seconds.
  path: Assets/Scenes/Scene 1.unity
  artifactKey: Guid(015c7b669ca0aa94d97ccd5a859f891a) Importer(815301076,1909f56bfc062723c751e8b465ee728b)
Start importing Assets/Scenes/Scene 1.unity using Guid(015c7b669ca0aa94d97ccd5a859f891a) Importer(815301076,1909f56bfc062723c751e8b465ee728b)  -> (artifact id: '02f4ec7ca2d8453420c7e189bdc371dd') in 0.053020 seconds
  Import took 0.057807 seconds .

========================================================================
Received Prepare
Registering precompiled user dll's ...
Registered in 0.002078 seconds.
Begin MonoManager ReloadAssembly
Native extension for WindowsStandalone target not found
Native extension for WebGL target not found
Refreshing native plugins compatible for Editor in 0.61 ms, found 0 plugins.
Preloading 0 native plugins for Editor in 0.00 ms.
Invoked RoslynAnalysisRunner static constructor.
RoslynAnalysisRunner will not be running.
RoslynAnalysisRunner has terminated.
Mono: successfully reloaded assembly
- Completed reload, in  1.978 seconds
Platform modules already initialized, skipping
Refreshing native plugins compatible for Editor in 0.52 ms, found 0 plugins.
Preloading 0 native plugins for Editor in 0.00 ms.
Unloading 1268 Unused Serialized files (Serialized files now loaded: 0)
System memory in use before: 70.9 MB.
System memory in use after: 69.0 MB.

Unloading 31 unused Assets to reduce memory usage. Loaded Objects now: 1764.
Total: 4.517900 ms (FindLiveObjects: 0.345200 ms CreateObjectMapping: 0.093000 ms MarkObjects: 2.821300 ms  DeleteObjects: 1.255200 ms)

========================================================================
Received Prepare
Registering precompiled user dll's ...
Registered in 0.001861 seconds.
Begin MonoManager ReloadAssembly
Native extension for WindowsStandalone target not found
Native extension for WebGL target not found
Refreshing native plugins compatible for Editor in 0.51 ms, found 0 plugins.
Preloading 0 native plugins for Editor in 0.00 ms.
Invoked RoslynAnalysisRunner static constructor.
RoslynAnalysisRunner will not be running.
RoslynAnalysisRunner has terminated.
Mono: successfully reloaded assembly
- Completed reload, in  2.320 seconds
Platform modules already initialized, skipping
Refreshing native plugins compatible for Editor in 0.53 ms, found 0 plugins.
Preloading 0 native plugins for Editor in 0.00 ms.
Unloading 1268 Unused Serialized files (Serialized files now loaded: 0)
System memory in use before: 70.9 MB.
System memory in use after: 69.0 MB.

Unloading 31 unused Assets to reduce memory usage. Loaded Objects now: 1767.
Total: 4.894800 ms (FindLiveObjects: 0.488700 ms CreateObjectMapping: 0.085100 ms MarkObjects: 2.747900 ms  DeleteObjects: 1.570100 ms)

